2024-09-17 16:38:36 [] [INFO ]: com.project.BaseProject - Starting BaseProject using Java 22.0.1 with PID 52648 (/Users/SaraObia/Local_Doc/Documents/esame_Sara-Obialero_Comm-RP-TO-468-5298/ConcertTickets_springboot/target/classes started by SaraObia in /Users/SaraObia/Local_Doc/Documents/esame_Sara-Obialero_Comm-RP-TO-468-5298/ConcertTickets_springboot)
2024-09-17 16:38:36 [] [INFO ]: com.project.BaseProject - The following 1 profile is active: "dev"
2024-09-17 16:38:36 [] [INFO ]: o.s.b.d.e.DevToolsPropertyDefaultsPostProcessor - Devtools property defaults active! Set 'spring.devtools.add-properties' to 'false' to disable
2024-09-17 16:38:36 [] [INFO ]: o.s.b.d.e.DevToolsPropertyDefaultsPostProcessor - For additional web related logging consider setting the 'logging.level.web' property to 'DEBUG'
2024-09-17 16:38:37 [] [INFO ]: o.s.d.r.c.RepositoryConfigurationDelegate - Bootstrapping Spring Data JPA repositories in DEFAULT mode.
2024-09-17 16:38:37 [] [INFO ]: o.s.d.r.c.RepositoryConfigurationDelegate - Finished Spring Data repository scanning in 68 ms. Found 4 JPA repository interfaces.
2024-09-17 16:38:38 [] [INFO ]: o.s.b.w.e.tomcat.TomcatWebServer - Tomcat initialized with port 8080 (http)
2024-09-17 16:38:38 [] [INFO ]: o.a.coyote.http11.Http11NioProtocol - Initializing ProtocolHandler ["http-nio-8080"]
2024-09-17 16:38:38 [] [INFO ]: o.a.catalina.core.StandardService - Starting service [Tomcat]
2024-09-17 16:38:38 [] [INFO ]: o.a.catalina.core.StandardEngine - Starting Servlet engine: [Apache Tomcat/10.1.25]
2024-09-17 16:38:38 [] [INFO ]: o.a.c.c.C.[Tomcat].[localhost].[/] - Initializing Spring embedded WebApplicationContext
2024-09-17 16:38:38 [] [INFO ]: o.s.b.w.s.c.ServletWebServerApplicationContext - Root WebApplicationContext: initialization completed in 2158 ms
2024-09-17 16:38:39 [] [INFO ]: o.s.o.j.p.SpringPersistenceUnitInfo - No LoadTimeWeaver setup: ignoring JPA class transformer
2024-09-17 16:38:39 [] [INFO ]: com.zaxxer.hikari.HikariDataSource - HikariPool-1 - Starting...
2024-09-17 16:38:40 [] [INFO ]: com.zaxxer.hikari.pool.HikariPool - HikariPool-1 - Added connection com.mysql.cj.jdbc.ConnectionImpl@23a552b3
2024-09-17 16:38:40 [] [INFO ]: com.zaxxer.hikari.HikariDataSource - HikariPool-1 - Start completed.
2024-09-17 16:38:41 [] [INFO ]: o.s.o.j.LocalContainerEntityManagerFactoryBean - Initialized JPA EntityManagerFactory for persistence unit 'default'
2024-09-17 16:38:42 [] [INFO ]: o.s.s.c.a.a.c.InitializeAuthenticationProviderBeanManagerConfigurer$InitializeAuthenticationProviderManagerConfigurer - Global AuthenticationManager configured with AuthenticationProvider bean with name authenticationProvider
2024-09-17 16:38:42 [] [INFO ]: o.s.d.j.r.query.QueryEnhancerFactory - Hibernate is in classpath; If applicable, HQL parser will be used.
2024-09-17 16:38:44 [] [INFO ]: o.s.b.d.a.OptionalLiveReloadServer - LiveReload server is running on port 35729
2024-09-17 16:38:44 [] [INFO ]: o.a.coyote.http11.Http11NioProtocol - Starting ProtocolHandler ["http-nio-8080"]
2024-09-17 16:38:44 [] [INFO ]: o.s.b.w.e.tomcat.TomcatWebServer - Tomcat started on port 8080 (http) with context path '/'
2024-09-17 16:38:44 [] [INFO ]: com.project.BaseProject - Started BaseProject in 8.777 seconds (process running for 9.582)
2024-09-17 16:38:44 [] [TRACE]: o.s.t.i.TransactionInterceptor - No need to create transaction for [org.springframework.data.jpa.repository.support.SimpleJpaRepository.findByEmail]: This method is not transactional.
2024-09-17 16:38:44 [] [TRACE]: o.s.t.i.TransactionInterceptor - Getting transaction for [org.springframework.data.jpa.repository.support.SimpleJpaRepository.save]
2024-09-17 16:38:44 [] [TRACE]: o.s.t.i.TransactionInterceptor - Completing transaction for [org.springframework.data.jpa.repository.support.SimpleJpaRepository.save]
2024-09-17 16:38:44 [] [TRACE]: o.s.t.i.TransactionInterceptor - Getting transaction for [org.springframework.data.jpa.repository.support.SimpleJpaRepository.count]
2024-09-17 16:38:44 [] [TRACE]: o.s.t.i.TransactionInterceptor - Completing transaction for [org.springframework.data.jpa.repository.support.SimpleJpaRepository.count]
2024-09-17 16:38:44 [] [TRACE]: o.s.t.i.TransactionInterceptor - Getting transaction for [org.springframework.data.jpa.repository.support.SimpleJpaRepository.saveAll]
2024-09-17 16:38:44 [] [TRACE]: o.s.t.i.TransactionInterceptor - Completing transaction for [org.springframework.data.jpa.repository.support.SimpleJpaRepository.saveAll]
2024-09-17 16:38:44 [] [TRACE]: o.s.t.i.TransactionInterceptor - Getting transaction for [org.springframework.data.jpa.repository.support.SimpleJpaRepository.count]
2024-09-17 16:38:44 [] [TRACE]: o.s.t.i.TransactionInterceptor - Completing transaction for [org.springframework.data.jpa.repository.support.SimpleJpaRepository.count]
2024-09-17 16:38:44 [] [TRACE]: o.s.t.i.TransactionInterceptor - Getting transaction for [org.springframework.data.jpa.repository.support.SimpleJpaRepository.findById]
2024-09-17 16:38:44 [] [TRACE]: o.s.t.i.TransactionInterceptor - Completing transaction for [org.springframework.data.jpa.repository.support.SimpleJpaRepository.findById]
2024-09-17 16:38:44 [] [TRACE]: o.s.t.i.TransactionInterceptor - Getting transaction for [org.springframework.data.jpa.repository.support.SimpleJpaRepository.findById]
2024-09-17 16:38:44 [] [TRACE]: o.s.t.i.TransactionInterceptor - Completing transaction for [org.springframework.data.jpa.repository.support.SimpleJpaRepository.findById]
2024-09-17 16:38:44 [] [TRACE]: o.s.t.i.TransactionInterceptor - Getting transaction for [org.springframework.data.jpa.repository.support.SimpleJpaRepository.saveAll]
2024-09-17 16:38:44 [] [TRACE]: o.s.t.i.TransactionInterceptor - Completing transaction for [org.springframework.data.jpa.repository.support.SimpleJpaRepository.saveAll]
2024-09-17 16:38:44 [] [TRACE]: o.s.t.i.TransactionInterceptor - Getting transaction for [org.springframework.data.jpa.repository.support.SimpleJpaRepository.count]
2024-09-17 16:38:44 [] [TRACE]: o.s.t.i.TransactionInterceptor - Completing transaction for [org.springframework.data.jpa.repository.support.SimpleJpaRepository.count]
2024-09-17 16:38:44 [] [TRACE]: o.s.t.i.TransactionInterceptor - Getting transaction for [org.springframework.data.jpa.repository.support.SimpleJpaRepository.findById]
2024-09-17 16:38:44 [] [TRACE]: o.s.t.i.TransactionInterceptor - Completing transaction for [org.springframework.data.jpa.repository.support.SimpleJpaRepository.findById]
2024-09-17 16:38:44 [] [TRACE]: o.s.t.i.TransactionInterceptor - Getting transaction for [org.springframework.data.jpa.repository.support.SimpleJpaRepository.findById]
2024-09-17 16:38:44 [] [TRACE]: o.s.t.i.TransactionInterceptor - Completing transaction for [org.springframework.data.jpa.repository.support.SimpleJpaRepository.findById]
2024-09-17 16:38:44 [] [TRACE]: o.s.t.i.TransactionInterceptor - Getting transaction for [org.springframework.data.jpa.repository.support.SimpleJpaRepository.saveAll]
2024-09-17 16:38:44 [] [TRACE]: o.s.t.i.TransactionInterceptor - Completing transaction for [org.springframework.data.jpa.repository.support.SimpleJpaRepository.saveAll]
2024-09-17 16:38:48 [] [INFO ]: o.s.o.j.LocalContainerEntityManagerFactoryBean - Closing JPA EntityManagerFactory for persistence unit 'default'
2024-09-17 16:38:48 [] [INFO ]: com.zaxxer.hikari.HikariDataSource - HikariPool-1 - Shutdown initiated...
2024-09-17 16:38:48 [] [INFO ]: com.zaxxer.hikari.HikariDataSource - HikariPool-1 - Shutdown completed.
